TN:
SF:src\config.ts
FNF:0
FNH:0
DA:1,1
DA:2,1
DA:3,1
DA:4,1
DA:5,1
DA:6,1
DA:7,1
DA:8,1
DA:10,1
DA:11,1
DA:15,1
DA:16,1
LF:12
LH:12
BRDA:1,0,0,1
BRDA:1,0,1,1
BRF:2
BRH:2
end_of_record
TN:
SF:src\class\Prediccion.ts
FN:34,(anonymous_8)
FN:52,(anonymous_9)
FN:61,(anonymous_10)
FN:71,(anonymous_12)
FN:98,(anonymous_13)
FN:106,(anonymous_14)
FN:130,(anonymous_15)
FN:138,(anonymous_16)
FN:144,(anonymous_17)
FN:145,(anonymous_18)
FN:171,(anonymous_19)
FN:193,(anonymous_20)
FN:200,(anonymous_21)
FN:221,(anonymous_23)
FN:222,(anonymous_24)
FN:237,(anonymous_25)
FN:267,(anonymous_26)
FN:345,(anonymous_27)
FN:355,(anonymous_28)
FN:356,(anonymous_29)
FN:400,(anonymous_30)
FN:405,(anonymous_31)
FN:414,(anonymous_32)
FN:461,(anonymous_34)
FN:461,(anonymous_35)
FN:519,(anonymous_36)
FN:570,(anonymous_38)
FN:572,(anonymous_39)
FN:583,(anonymous_40)
FN:598,(anonymous_41)
FN:603,(anonymous_42)
FN:610,(anonymous_43)
FN:611,(anonymous_44)
FNF:33
FNH:0
FNDA:0,(anonymous_8)
FNDA:0,(anonymous_9)
FNDA:0,(anonymous_10)
FNDA:0,(anonymous_12)
FNDA:0,(anonymous_13)
FNDA:0,(anonymous_14)
FNDA:0,(anonymous_15)
FNDA:0,(anonymous_16)
FNDA:0,(anonymous_17)
FNDA:0,(anonymous_18)
FNDA:0,(anonymous_19)
FNDA:0,(anonymous_20)
FNDA:0,(anonymous_21)
FNDA:0,(anonymous_23)
FNDA:0,(anonymous_24)
FNDA:0,(anonymous_25)
FNDA:0,(anonymous_26)
FNDA:0,(anonymous_27)
FNDA:0,(anonymous_28)
FNDA:0,(anonymous_29)
FNDA:0,(anonymous_30)
FNDA:0,(anonymous_31)
FNDA:0,(anonymous_32)
FNDA:0,(anonymous_34)
FNDA:0,(anonymous_35)
FNDA:0,(anonymous_36)
FNDA:0,(anonymous_38)
FNDA:0,(anonymous_39)
FNDA:0,(anonymous_40)
FNDA:0,(anonymous_41)
FNDA:0,(anonymous_42)
FNDA:0,(anonymous_43)
FNDA:0,(anonymous_44)
DA:30,0
DA:31,0
DA:32,0
DA:33,0
DA:34,0
DA:35,0
DA:36,0
DA:37,0
DA:39,0
DA:40,0
DA:45,0
DA:46,0
DA:47,0
DA:48,0
DA:49,0
DA:50,0
DA:53,0
DA:54,0
DA:62,0
DA:64,0
DA:65,0
DA:67,0
DA:68,0
DA:73,0
DA:74,0
DA:75,0
DA:78,0
DA:79,0
DA:82,0
DA:83,0
DA:87,0
DA:88,0
DA:90,0
DA:91,0
DA:99,0
DA:100,0
DA:102,0
DA:105,0
DA:106,0
DA:109,0
DA:112,0
DA:113,0
DA:114,0
DA:116,0
DA:117,0
DA:118,0
DA:120,0
DA:121,0
DA:122,0
DA:125,0
DA:127,0
DA:131,0
DA:132,0
DA:134,0
DA:137,0
DA:138,0
DA:141,0
DA:144,0
DA:145,0
DA:146,0
DA:147,0
DA:150,0
DA:151,0
DA:152,0
DA:154,0
DA:155,0
DA:156,0
DA:158,0
DA:159,0
DA:160,0
DA:163,0
DA:165,0
DA:176,0
DA:178,0
DA:180,0
DA:181,0
DA:183,0
DA:187,0
DA:188,0
DA:192,0
DA:193,0
DA:201,0
DA:214,0
DA:215,0
DA:216,0
DA:219,0
DA:222,0
DA:226,0
DA:227,0
DA:230,0
DA:231,0
DA:232,0
DA:233,0
DA:234,0
DA:237,0
DA:243,0
DA:245,0
DA:246,0
DA:247,0
DA:251,0
DA:252,0
DA:256,0
DA:257,0
DA:258,0
DA:261,0
DA:262,0
DA:263,0
DA:264,0
DA:267,0
DA:272,0
DA:273,0
DA:274,0
DA:276,0
DA:277,0
DA:279,0
DA:280,0
DA:283,0
DA:284,0
DA:285,0
DA:286,0
DA:290,0
DA:292,0
DA:293,0
DA:294,0
DA:298,0
DA:301,0
DA:302,0
DA:304,0
DA:305,0
DA:307,0
DA:309,0
DA:311,0
DA:312,0
DA:314,0
DA:315,0
DA:331,0
DA:333,0
DA:334,0
DA:335,0
DA:337,0
DA:344,0
DA:345,0
DA:348,0
DA:349,0
DA:356,0
DA:359,0
DA:360,0
DA:363,0
DA:365,0
DA:368,0
DA:369,0
DA:370,0
DA:371,0
DA:375,0
DA:376,0
DA:380,0
DA:381,0
DA:383,0
DA:384,0
DA:386,0
DA:387,0
DA:388,0
DA:390,0
DA:393,0
DA:394,0
DA:395,0
DA:399,0
DA:400,0
DA:405,0
DA:408,0
DA:409,0
DA:415,0
DA:416,0
DA:417,0
DA:418,0
DA:421,0
DA:423,0
DA:424,0
DA:425,0
DA:426,0
DA:428,0
DA:429,0
DA:430,0
DA:431,0
DA:433,0
DA:434,0
DA:435,0
DA:437,0
DA:443,0
DA:445,0
DA:446,0
DA:447,0
DA:450,0
DA:451,0
DA:453,0
DA:454,0
DA:461,0
DA:462,0
DA:463,0
DA:464,0
DA:467,0
DA:475,0
DA:476,0
DA:479,0
DA:480,0
DA:482,0
DA:486,0
DA:487,0
DA:520,0
DA:521,0
DA:522,0
DA:525,0
DA:526,0
DA:529,0
DA:530,0
DA:534,0
DA:535,0
DA:536,0
DA:538,0
DA:539,0
DA:541,0
DA:542,0
DA:553,0
DA:556,0
DA:559,0
DA:560,0
DA:561,0
DA:562,0
DA:563,0
DA:571,0
DA:572,0
DA:574,0
DA:584,0
DA:585,0
DA:588,0
DA:590,0
DA:591,0
DA:592,0
DA:593,0
DA:597,0
DA:598,0
DA:603,0
DA:606,0
DA:607,0
DA:610,0
DA:611,0
LF:246
LH:0
BRDA:35,0,0,0
BRDA:35,0,1,0
BRDA:53,1,0,0
BRDA:53,1,1,0
BRDA:82,2,0,0
BRDA:82,2,1,0
BRDA:87,3,0,0
BRDA:87,3,1,0
BRDA:102,4,0,0
BRDA:102,4,1,0
BRDA:102,5,0,0
BRDA:102,5,1,0
BRDA:109,6,0,0
BRDA:109,6,1,0
BRDA:125,7,0,0
BRDA:125,7,1,0
BRDA:125,8,0,0
BRDA:125,8,1,0
BRDA:134,9,0,0
BRDA:134,9,1,0
BRDA:134,10,0,0
BRDA:134,10,1,0
BRDA:141,11,0,0
BRDA:141,11,1,0
BRDA:163,12,0,0
BRDA:163,12,1,0
BRDA:163,13,0,0
BRDA:163,13,1,0
BRDA:173,14,0,0
BRDA:174,15,0,0
BRDA:176,16,0,0
BRDA:176,16,1,0
BRDA:181,17,0,0
BRDA:181,17,1,0
BRDA:183,18,0,0
BRDA:183,18,1,0
BRDA:187,19,0,0
BRDA:187,19,1,0
BRDA:214,20,0,0
BRDA:214,20,1,0
BRDA:223,21,0,0
BRDA:224,22,0,0
BRDA:226,23,0,0
BRDA:226,23,1,0
BRDA:230,24,0,0
BRDA:230,24,1,0
BRDA:232,25,0,0
BRDA:232,25,1,0
BRDA:232,26,0,0
BRDA:232,26,1,0
BRDA:251,27,0,0
BRDA:251,27,1,0
BRDA:256,28,0,0
BRDA:256,28,1,0
BRDA:262,29,0,0
BRDA:262,29,1,0
BRDA:262,30,0,0
BRDA:262,30,1,0
BRDA:276,31,0,0
BRDA:276,31,1,0
BRDA:292,32,0,0
BRDA:292,32,1,0
BRDA:309,33,0,0
BRDA:309,33,1,0
BRDA:311,34,0,0
BRDA:311,34,1,0
BRDA:312,35,0,0
BRDA:312,35,1,0
BRDA:334,36,0,0
BRDA:334,36,1,0
BRDA:357,37,0,0
BRDA:359,38,0,0
BRDA:359,38,1,0
BRDA:370,39,0,0
BRDA:370,39,1,0
BRDA:375,40,0,0
BRDA:375,40,1,0
BRDA:381,41,0,0
BRDA:381,41,1,0
BRDA:387,42,0,0
BRDA:387,42,1,0
BRDA:393,43,0,0
BRDA:393,43,1,0
BRDA:416,44,0,0
BRDA:416,44,1,0
BRDA:423,45,0,0
BRDA:423,45,1,0
BRDA:428,46,0,0
BRDA:428,46,1,0
BRDA:429,47,0,0
BRDA:429,47,1,0
BRDA:430,48,0,0
BRDA:430,48,1,0
BRDA:445,49,0,0
BRDA:445,49,1,0
BRDA:445,50,0,0
BRDA:445,50,1,0
BRDA:461,51,0,0
BRDA:463,52,0,0
BRDA:463,52,1,0
BRDA:483,53,0,0
BRDA:483,53,1,0
BRDA:520,54,0,0
BRDA:520,54,1,0
BRDA:520,55,0,0
BRDA:520,55,1,0
BRDA:529,56,0,0
BRDA:529,56,1,0
BRDA:536,57,0,0
BRDA:536,57,1,0
BRDA:538,58,0,0
BRDA:538,58,1,0
BRDA:583,59,0,0
BRDA:584,60,0,0
BRDA:584,60,1,0
BRDA:592,61,0,0
BRDA:592,61,1,0
BRF:117
BRH:0
end_of_record
TN:
SF:src\constants\Stripe.ts
FN:3,obtenerStripe
FNF:1
FNH:0
FNDA:0,obtenerStripe
DA:1,0
DA:3,0
DA:4,0
DA:5,0
DA:6,0
DA:10,0
LF:6
LH:0
BRDA:5,0,0,0
BRDA:5,0,1,0
BRF:2
BRH:0
end_of_record
TN:
SF:src\constants\prediccion.ts
FNF:0
FNH:0
DA:1,0
DA:2,0
LF:2
LH:0
BRF:0
BRH:0
end_of_record
TN:
SF:src\controllers\autenticacion.ts
FN:5,(anonymous_7)
FNF:1
FNH:0
FNDA:0,(anonymous_7)
DA:2,0
DA:4,0
DA:6,0
DA:8,0
DA:15,0
DA:16,0
LF:6
LH:0
BRDA:15,0,0,0
BRDA:15,0,1,0
BRF:2
BRH:0
end_of_record
TN:
SF:src\controllers\comentarios.ts
FN:6,(anonymous_7)
FNF:1
FNH:0
FNDA:0,(anonymous_7)
DA:2,0
DA:3,0
DA:5,0
DA:8,0
DA:10,0
DA:11,0
DA:12,0
DA:15,0
DA:17,0
DA:19,0
DA:20,0
DA:22,0
LF:12
LH:0
BRDA:10,0,0,0
BRDA:10,0,1,0
BRDA:19,1,0,0
BRDA:19,1,1,0
BRF:4
BRH:0
end_of_record
TN:
SF:src\controllers\compra.ts
FN:19,(anonymous_7)
FN:77,(anonymous_9)
FN:129,(anonymous_11)
FN:165,(anonymous_13)
FN:165,(anonymous_14)
FN:185,(anonymous_15)
FNF:6
FNH:0
FNDA:0,(anonymous_7)
FNDA:0,(anonymous_9)
FNDA:0,(anonymous_11)
FNDA:0,(anonymous_13)
FNDA:0,(anonymous_14)
FNDA:0,(anonymous_15)
DA:1,0
DA:2,0
DA:5,0
DA:6,0
DA:7,0
DA:8,0
DA:17,0
DA:20,0
DA:21,0
DA:24,0
DA:25,0
DA:26,0
DA:31,0
DA:35,0
DA:41,0
DA:42,0
DA:47,0
DA:51,0
DA:53,0
DA:54,0
DA:59,0
DA:62,0
DA:68,0
DA:69,0
DA:78,0
DA:80,0
DA:81,0
DA:84,0
DA:85,0
DA:86,0
DA:90,0
DA:94,0
DA:99,0
DA:100,0
DA:105,0
DA:109,0
DA:113,0
DA:120,0
DA:121,0
DA:130,0
DA:132,0
DA:133,0
DA:135,0
DA:136,0
DA:141,0
DA:145,0
DA:146,0
DA:147,0
DA:153,0
DA:157,0
DA:158,0
DA:159,0
DA:160,0
DA:164,0
DA:165,0
DA:166,0
DA:167,0
DA:185,0
DA:187,0
DA:194,0
DA:195,0
LF:61
LH:0
BRDA:25,0,0,0
BRDA:25,0,1,0
BRDA:41,1,0,0
BRDA:41,1,1,0
BRDA:53,2,0,0
BRDA:53,2,1,0
BRDA:85,3,0,0
BRDA:85,3,1,0
BRDA:99,4,0,0
BRDA:99,4,1,0
BRDA:99,5,0,0
BRDA:99,5,1,0
BRDA:99,6,0,0
BRDA:99,6,1,0
BRDA:135,7,0,0
BRDA:135,7,1,0
BRDA:146,8,0,0
BRDA:146,8,1,0
BRDA:176,9,0,0
BRDA:176,9,1,0
BRDA:176,10,0,0
BRDA:176,10,1,0
BRDA:177,11,0,0
BRDA:177,11,1,0
BRDA:177,12,0,0
BRDA:177,12,1,0
BRDA:178,13,0,0
BRDA:178,13,1,0
BRDA:178,14,0,0
BRDA:178,14,1,0
BRF:30
BRH:0
end_of_record
TN:
SF:src\controllers\pedidos.ts
FN:6,(anonymous_7)
FN:30,(anonymous_9)
FN:39,(anonymous_11)
FNF:3
FNH:3
FNDA:4,(anonymous_7)
FNDA:2,(anonymous_9)
FNDA:3,(anonymous_11)
DA:2,1
DA:4,1
DA:7,4
DA:10,4
DA:11,1
DA:12,1
DA:15,3
DA:23,3
DA:24,3
DA:31,2
DA:33,2
DA:35,2
DA:36,2
DA:40,3
DA:41,3
DA:43,3
DA:44,1
DA:48,1
DA:51,2
DA:53,2
DA:54,2
LF:21
LH:21
BRDA:10,0,0,1
BRDA:10,0,1,3
BRDA:23,1,0,2
BRDA:23,1,1,1
BRDA:23,2,0,1
BRDA:23,2,1,1
BRDA:35,3,0,1
BRDA:35,3,1,1
BRDA:43,4,0,1
BRDA:43,4,1,2
BRDA:43,5,0,3
BRDA:43,5,1,2
BRDA:53,6,0,1
BRDA:53,6,1,1
BRDA:53,7,0,1
BRDA:53,7,1,0
BRF:16
BRH:15
end_of_record
TN:
SF:src\controllers\productos.ts
FN:5,(anonymous_7)
FNF:1
FNH:0
FNDA:0,(anonymous_7)
DA:2,0
DA:4,0
DA:7,0
DA:9,0
DA:10,0
DA:11,0
DA:14,0
LF:7
LH:0
BRDA:9,0,0,0
BRDA:9,0,1,0
BRF:2
BRH:0
end_of_record
TN:
SF:src\database\db.ts
FNF:0
FNH:0
DA:1,1
DA:3,1
DA:6,1
DA:7,0
DA:10,1
LF:5
LH:4
BRDA:6,0,0,0
BRDA:6,0,1,1
BRDA:6,1,0,1
BRDA:6,1,1,1
BRF:4
BRH:3
end_of_record
TN:
SF:src\models\comentarios.ts
FN:12,(anonymous_7)
FN:12,(anonymous_8)
FNF:2
FNH:0
FNDA:0,(anonymous_7)
FNDA:0,(anonymous_8)
DA:1,0
DA:2,0
DA:10,0
DA:12,0
DA:14,0
DA:15,0
DA:16,0
DA:18,0
DA:20,0
DA:24,0
LF:10
LH:0
BRDA:18,0,0,0
BRDA:18,0,1,0
BRDA:24,1,0,0
BRDA:24,1,1,0
BRF:4
BRH:0
end_of_record
TN:
SF:src\models\compra.ts
FN:6,(anonymous_7)
FN:11,(anonymous_9)
FN:22,(anonymous_10)
FN:40,(anonymous_11)
FN:45,(anonymous_12)
FNF:5
FNH:0
FNDA:0,(anonymous_7)
FNDA:0,(anonymous_9)
FNDA:0,(anonymous_10)
FNDA:0,(anonymous_11)
FNDA:0,(anonymous_12)
DA:1,0
DA:3,0
DA:5,0
DA:7,0
DA:9,0
DA:11,0
DA:12,0
DA:13,0
DA:18,0
DA:21,0
DA:22,0
DA:23,0
DA:24,0
DA:25,0
DA:30,0
DA:40,0
DA:45,0
DA:64,0
DA:66,0
DA:67,0
LF:20
LH:0
BRDA:18,0,0,0
BRDA:18,0,1,0
BRDA:18,1,0,0
BRDA:18,1,1,0
BRDA:18,1,2,0
BRDA:23,2,0,0
BRDA:23,2,1,0
BRDA:24,3,0,0
BRDA:24,3,1,0
BRDA:50,4,0,0
BRDA:50,4,1,0
BRDA:67,5,0,0
BRDA:67,5,1,0
BRF:13
BRH:0
end_of_record
TN:
SF:src\models\pedidos.ts
FN:52,(anonymous_7)
FN:86,(anonymous_9)
FN:131,(anonymous_10)
FN:167,(anonymous_11)
FN:175,(anonymous_13)
FN:206,(anonymous_14)
FN:233,(anonymous_16)
FN:234,(anonymous_18)
FN:234,(anonymous_19)
FN:262,(anonymous_20)
FN:282,(anonymous_22)
FNF:11
FNH:0
FNDA:0,(anonymous_7)
FNDA:0,(anonymous_9)
FNDA:0,(anonymous_10)
FNDA:0,(anonymous_11)
FNDA:0,(anonymous_13)
FNDA:0,(anonymous_14)
FNDA:0,(anonymous_16)
FNDA:0,(anonymous_18)
FNDA:0,(anonymous_19)
FNDA:0,(anonymous_20)
FNDA:0,(anonymous_22)
DA:1,1
DA:2,1
DA:48,1
DA:53,0
DA:55,0
DA:57,0
DA:63,0
DA:64,0
DA:72,0
DA:78,0
DA:79,0
DA:86,0
DA:87,0
DA:92,0
DA:93,0
DA:100,0
DA:102,0
DA:103,0
DA:110,0
DA:113,0
DA:126,0
DA:127,0
DA:130,0
DA:131,0
DA:139,0
DA:142,0
DA:144,0
DA:156,0
DA:157,0
DA:171,0
DA:172,0
DA:174,0
DA:175,0
DA:176,0
DA:177,0
DA:180,0
DA:183,0
DA:184,0
DA:191,0
DA:192,0
DA:193,0
DA:195,0
DA:203,0
DA:209,0
DA:223,0
DA:224,0
DA:226,0
DA:234,0
DA:236,0
DA:242,0
DA:243,0
DA:244,0
DA:248,0
DA:250,0
DA:255,0
DA:263,0
DA:264,0
DA:265,0
DA:271,0
DA:272,0
DA:283,0
DA:285,0
DA:287,0
DA:288,0
DA:296,0
DA:302,0
DA:303,0
DA:309,0
DA:312,0
DA:313,0
DA:317,0
DA:318,0
DA:322,0
DA:327,0
DA:329,0
DA:339,0
DA:340,0
LF:77
LH:3
BRDA:63,0,0,0
BRDA:63,0,1,0
BRDA:63,1,0,0
BRDA:63,1,1,0
BRDA:78,2,0,0
BRDA:78,2,1,0
BRDA:78,3,0,0
BRDA:78,3,1,0
BRDA:92,4,0,0
BRDA:92,4,1,0
BRDA:92,5,0,0
BRDA:92,5,1,0
BRDA:102,6,0,0
BRDA:102,6,1,0
BRDA:126,7,0,0
BRDA:126,7,1,0
BRDA:139,8,0,0
BRDA:139,8,1,0
BRDA:176,9,0,0
BRDA:176,9,1,0
BRDA:183,10,0,0
BRDA:183,10,1,0
BRDA:223,11,0,0
BRDA:223,11,1,0
BRDA:224,12,0,0
BRDA:224,12,1,0
BRDA:242,13,0,0
BRDA:242,13,1,0
BRDA:242,14,0,0
BRDA:242,14,1,0
BRDA:255,15,0,0
BRDA:255,15,1,0
BRDA:287,16,0,0
BRDA:287,16,1,0
BRDA:287,17,0,0
BRDA:287,17,1,0
BRDA:302,18,0,0
BRDA:302,18,1,0
BRDA:302,19,0,0
BRDA:302,19,1,0
BRDA:312,20,0,0
BRDA:312,20,1,0
BRDA:312,21,0,0
BRDA:312,21,1,0
BRDA:317,22,0,0
BRDA:317,22,1,0
BRDA:317,23,0,0
BRDA:317,23,1,0
BRDA:327,24,0,0
BRDA:327,24,1,0
BRF:50
BRH:0
end_of_record
TN:
SF:src\models\productos.ts
FN:4,(anonymous_7)
FNF:1
FNH:0
FNDA:0,(anonymous_7)
DA:1,0
DA:3,0
DA:5,0
DA:7,0
DA:8,0
DA:48,0
DA:50,0
DA:56,0
DA:57,0
LF:9
LH:0
BRDA:48,0,0,0
BRDA:48,0,1,0
BRDA:59,1,0,0
BRDA:59,1,1,0
BRF:4
BRH:0
end_of_record
TN:
SF:src\models\usuarios.ts
FN:22,(anonymous_7)
FN:36,(anonymous_9)
FN:77,(anonymous_10)
FN:90,(anonymous_12)
FN:104,(anonymous_14)
FNF:5
FNH:0
FNDA:0,(anonymous_7)
FNDA:0,(anonymous_9)
FNDA:0,(anonymous_10)
FNDA:0,(anonymous_12)
FNDA:0,(anonymous_14)
DA:1,0
DA:2,0
DA:18,0
DA:23,0
DA:24,0
DA:27,0
DA:33,0
DA:34,0
DA:36,0
DA:42,0
DA:44,0
DA:45,0
DA:46,0
DA:48,0
DA:55,0
DA:64,0
DA:65,0
DA:78,0
DA:79,0
DA:80,0
DA:82,0
DA:83,0
DA:91,0
DA:92,0
DA:95,0
DA:101,0
DA:102,0
DA:104,0
DA:110,0
DA:111,0
DA:112,0
DA:120,0
DA:122,0
DA:130,0
DA:131,0
LF:35
LH:0
BRDA:33,0,0,0
BRDA:33,0,1,0
BRDA:44,1,0,0
BRDA:44,1,1,0
BRDA:67,2,0,0
BRDA:67,2,1,0
BRDA:101,3,0,0
BRDA:101,3,1,0
BRDA:111,4,0,0
BRDA:111,4,1,0
BRDA:133,5,0,0
BRDA:133,5,1,0
BRF:12
BRH:0
end_of_record
TN:
SF:src\routes\comentarios.routes.ts
FNF:0
FNH:0
DA:1,0
DA:2,0
DA:5,0
DA:7,0
LF:4
LH:0
BRF:0
BRH:0
end_of_record
TN:
SF:src\routes\compras.routes.ts
FNF:0
FNH:0
DA:1,0
DA:2,0
DA:4,0
DA:7,0
DA:10,0
LF:5
LH:0
BRF:0
BRH:0
end_of_record
TN:
SF:src\routes\pagos.routes.ts
FNF:0
FNH:0
DA:2,0
DA:3,0
DA:5,0
DA:8,0
DA:10,0
DA:12,0
LF:6
LH:0
BRF:0
BRH:0
end_of_record
TN:
SF:src\routes\prediccion.routes.ts
FN:12,(anonymous_8)
FN:23,(anonymous_9)
FN:23,(anonymous_10)
FN:35,(anonymous_11)
FN:46,(anonymous_12)
FN:65,(anonymous_13)
FN:65,(anonymous_14)
FN:112,(anonymous_15)
FN:112,(anonymous_16)
FN:140,(anonymous_17)
FN:140,(anonymous_18)
FN:204,(anonymous_19)
FN:204,(anonymous_20)
FN:247,(anonymous_21)
FN:269,(anonymous_22)
FN:283,(anonymous_23)
FN:283,(anonymous_24)
FN:308,(anonymous_25)
FNF:18
FNH:0
FNDA:0,(anonymous_8)
FNDA:0,(anonymous_9)
FNDA:0,(anonymous_10)
FNDA:0,(anonymous_11)
FNDA:0,(anonymous_12)
FNDA:0,(anonymous_13)
FNDA:0,(anonymous_14)
FNDA:0,(anonymous_15)
FNDA:0,(anonymous_16)
FNDA:0,(anonymous_17)
FNDA:0,(anonymous_18)
FNDA:0,(anonymous_19)
FNDA:0,(anonymous_20)
FNDA:0,(anonymous_21)
FNDA:0,(anonymous_22)
FNDA:0,(anonymous_23)
FNDA:0,(anonymous_24)
FNDA:0,(anonymous_25)
DA:1,0
DA:2,0
DA:4,0
DA:5,0
DA:6,0
DA:7,0
DA:9,0
DA:10,0
DA:12,0
DA:13,0
DA:14,0
DA:15,0
DA:17,0
DA:18,0
DA:23,0
DA:24,0
DA:25,0
DA:26,0
DA:28,0
DA:35,0
DA:36,0
DA:37,0
DA:38,0
DA:43,0
DA:46,0
DA:47,0
DA:48,0
DA:49,0
DA:54,0
DA:65,0
DA:66,0
DA:67,0
DA:69,0
DA:70,0
DA:76,0
DA:77,0
DA:78,0
DA:81,0
DA:82,0
DA:83,0
DA:90,0
DA:91,0
DA:93,0
DA:100,0
DA:101,0
DA:112,0
DA:113,0
DA:114,0
DA:115,0
DA:117,0
DA:124,0
DA:125,0
DA:140,0
DA:141,0
DA:142,0
DA:146,0
DA:148,0
DA:149,0
DA:150,0
DA:159,0
DA:160,0
DA:162,0
DA:163,0
DA:169,0
DA:170,0
DA:176,0
DA:182,0
DA:192,0
DA:193,0
DA:204,0
DA:205,0
DA:206,0
DA:207,0
DA:209,0
DA:211,0
DA:212,0
DA:218,0
DA:223,0
DA:231,0
DA:232,0
DA:247,0
DA:248,0
DA:249,0
DA:251,0
DA:257,0
DA:258,0
DA:269,0
DA:270,0
DA:272,0
DA:283,0
DA:284,0
DA:285,0
DA:286,0
DA:287,0
DA:288,0
DA:292,0
DA:293,0
DA:294,0
DA:295,0
DA:298,0
DA:299,0
DA:300,0
DA:305,0
DA:308,0
DA:314,0
DA:316,0
DA:317,0
DA:322,0
DA:323,0
DA:326,0
DA:327,0
DA:333,0
DA:336,0
LF:113
LH:0
BRDA:13,0,0,0
BRDA:13,0,1,0
BRDA:37,1,0,0
BRDA:37,1,1,0
BRDA:37,2,0,0
BRDA:37,2,1,0
BRDA:48,3,0,0
BRDA:48,3,1,0
BRDA:48,4,0,0
BRDA:48,4,1,0
BRDA:69,5,0,0
BRDA:69,5,1,0
BRDA:69,6,0,0
BRDA:69,6,1,0
BRDA:69,6,2,0
BRDA:82,7,0,0
BRDA:82,7,1,0
BRDA:82,8,0,0
BRDA:82,8,1,0
BRDA:82,8,2,0
BRDA:144,9,0,0
BRDA:145,10,0,0
BRDA:148,11,0,0
BRDA:148,11,1,0
BRDA:155,12,0,0
BRDA:155,12,1,0
BRDA:155,13,0,0
BRDA:155,13,1,0
BRDA:162,14,0,0
BRDA:162,14,1,0
BRDA:162,15,0,0
BRDA:162,15,1,0
BRDA:162,15,2,0
BRDA:169,16,0,0
BRDA:169,16,1,0
BRDA:188,17,0,0
BRDA:188,17,1,0
BRDA:188,18,0,0
BRDA:188,18,1,0
BRDA:188,19,0,0
BRDA:188,19,1,0
BRDA:188,20,0,0
BRDA:188,20,1,0
BRDA:188,21,0,0
BRDA:188,21,1,0
BRDA:207,22,0,0
BRDA:211,23,0,0
BRDA:211,23,1,0
BRDA:211,24,0,0
BRDA:211,24,1,0
BRDA:211,24,2,0
BRDA:287,25,0,0
BRDA:287,25,1,0
BRDA:287,26,0,0
BRDA:287,26,1,0
BRDA:292,27,0,0
BRDA:292,27,1,0
BRDA:298,28,0,0
BRDA:298,28,1,0
BRDA:298,29,0,0
BRDA:298,29,1,0
BRF:61
BRH:0
end_of_record
TN:
SF:src\routes\productos.routes.ts
FNF:0
FNH:0
DA:1,0
DA:2,0
DA:4,0
DA:6,0
LF:4
LH:0
BRF:0
BRH:0
end_of_record
TN:
SF:src\routes\usuario.routes.ts
FNF:0
FNH:0
DA:1,0
DA:2,0
DA:3,0
DA:5,0
LF:4
LH:0
BRF:0
BRH:0
end_of_record
TN:
SF:src\utils\consultas\Usuario.ts
FN:9,CheckearUsuario
FN:27,InsertarUsuario
FNF:2
FNH:0
FNDA:0,CheckearUsuario
FNDA:0,InsertarUsuario
DA:1,0
DA:9,0
DA:10,0
DA:12,0
DA:18,0
DA:20,0
DA:22,0
DA:23,0
DA:27,0
DA:32,0
DA:33,0
DA:39,0
DA:40,0
DA:42,0
DA:44,0
DA:45,0
LF:16
LH:0
BRDA:18,0,0,0
BRDA:18,0,1,0
BRDA:39,1,0,0
BRDA:39,1,1,0
BRDA:40,2,0,0
BRDA:40,2,1,0
BRF:6
BRH:0
end_of_record
TN:
SF:src\utils\consultas\compras.ts
FN:4,CheckearProducto
FN:26,CrearCompra
FN:26,(anonymous_10)
FN:47,InsertarItems
FN:63,obtenerCompras
FN:83,CheckearCompra
FN:100,disminuirStock
FN:128,restaurarStock
FN:156,ModificarEstado
FNF:9
FNH:0
FNDA:0,CheckearProducto
FNDA:0,CrearCompra
FNDA:0,(anonymous_10)
FNDA:0,InsertarItems
FNDA:0,obtenerCompras
FNDA:0,CheckearCompra
FNDA:0,disminuirStock
FNDA:0,restaurarStock
FNDA:0,ModificarEstado
DA:2,1
DA:4,1
DA:5,0
DA:12,0
DA:13,0
DA:16,0
DA:19,0
DA:20,0
DA:23,0
DA:26,1
DA:27,0
DA:38,0
DA:39,0
DA:42,0
DA:44,0
DA:47,1
DA:48,0
DA:58,0
DA:60,0
DA:63,1
DA:64,0
DA:76,0
DA:77,0
DA:80,0
DA:83,1
DA:84,0
DA:90,0
DA:91,0
DA:94,0
DA:96,0
DA:100,1
DA:102,0
DA:107,0
DA:108,0
DA:111,0
DA:112,0
DA:116,0
DA:117,0
DA:122,0
DA:123,0
DA:128,1
DA:130,0
DA:135,0
DA:136,0
DA:139,0
DA:140,0
DA:144,0
DA:145,0
DA:150,0
DA:151,0
DA:156,1
DA:157,0
DA:162,0
DA:163,0
LF:54
LH:9
BRDA:12,0,0,0
BRDA:12,0,1,0
BRDA:12,1,0,0
BRDA:12,1,1,0
BRDA:19,2,0,0
BRDA:19,2,1,0
BRDA:26,3,0,0
BRDA:26,4,0,0
BRDA:38,5,0,0
BRDA:38,5,1,0
BRDA:58,6,0,0
BRDA:58,6,1,0
BRDA:76,7,0,0
BRDA:76,7,1,0
BRDA:90,8,0,0
BRDA:90,8,1,0
BRDA:90,9,0,0
BRDA:90,9,1,0
BRDA:107,10,0,0
BRDA:107,10,1,0
BRDA:111,11,0,0
BRDA:111,11,1,0
BRDA:111,12,0,0
BRDA:111,12,1,0
BRDA:122,13,0,0
BRDA:122,13,1,0
BRDA:135,14,0,0
BRDA:135,14,1,0
BRDA:139,15,0,0
BRDA:139,15,1,0
BRDA:139,16,0,0
BRDA:139,16,1,0
BRDA:150,17,0,0
BRDA:150,17,1,0
BRDA:162,18,0,0
BRDA:162,18,1,0
BRF:36
BRH:0
end_of_record
TN:
SF:src\utils\contacto\contacto.ts
FNF:0
FNH:0
DA:1,0
DA:2,0
DA:4,0
LF:3
LH:0
BRF:0
BRH:0
end_of_record
TN:
SF:src\utils\contacto\factura.ts
FN:26,(anonymous_8)
FN:31,(anonymous_10)
FN:31,(anonymous_11)
FN:109,(anonymous_12)
FNF:4
FNH:0
FNDA:0,(anonymous_8)
FNDA:0,(anonymous_10)
FNDA:0,(anonymous_11)
FNDA:0,(anonymous_12)
DA:1,0
DA:2,0
DA:25,0
DA:27,0
DA:28,0
DA:30,0
DA:31,0
DA:32,0
DA:34,0
DA:48,0
DA:52,0
DA:58,0
DA:67,0
DA:68,0
DA:69,0
DA:70,0
DA:71,0
DA:72,0
DA:73,0
DA:74,0
DA:77,0
DA:78,0
DA:79,0
DA:80,0
DA:81,0
DA:82,0
DA:83,0
DA:84,0
DA:85,0
DA:86,0
DA:89,0
DA:90,0
DA:92,0
DA:93,0
DA:94,0
DA:97,0
DA:102,0
DA:103,0
DA:104,0
DA:105,0
DA:108,0
DA:109,0
DA:110,0
DA:111,0
DA:112,0
DA:113,0
DA:114,0
DA:116,0
DA:119,0
DA:123,0
LF:50
LH:0
BRF:0
BRH:0
end_of_record
TN:
SF:src\utils\contacto\mensaje.ts
FN:9,(anonymous_0)
FNF:1
FNH:0
FNDA:0,(anonymous_0)
DA:1,0
DA:9,0
DA:10,0
LF:3
LH:0
BRF:0
BRH:0
end_of_record
TN:
SF:src\utils\pagos\predicciones.ts
FN:11,guardarCompras
FN:11,(anonymous_9)
FNF:2
FNH:0
FNDA:0,guardarCompras
FNDA:0,(anonymous_9)
DA:2,0
DA:3,0
DA:11,0
DA:12,0
LF:4
LH:0
BRF:0
BRH:0
end_of_record
TN:
SF:src\utils\pagos\stripe.ts
FN:1,getAllSessions
FN:24,getAllLineItems
FNF:2
FNH:0
FNDA:0,getAllSessions
FNDA:0,getAllLineItems
DA:1,0
DA:2,0
DA:3,0
DA:4,0
DA:6,0
DA:7,0
DA:13,0
DA:14,0
DA:16,0
DA:17,0
DA:21,0
DA:24,0
DA:25,0
DA:26,0
DA:27,0
DA:29,0
DA:30,0
DA:36,0
DA:37,0
DA:39,0
DA:40,0
DA:44,0
LF:22
LH:0
BRDA:16,0,0,0
BRDA:16,0,1,0
BRDA:39,1,0,0
BRDA:39,1,1,0
BRF:4
BRH:0
end_of_record
TN:
SF:src\utils\validaciones\cartItems.ts
FN:41,(anonymous_0)
FNF:1
FNH:1
FNDA:3,(anonymous_0)
DA:1,1
DA:4,1
DA:31,1
DA:37,1
DA:40,1
DA:42,3
LF:6
LH:6
BRF:0
BRH:0
end_of_record
TN:
SF:src\utils\validaciones\comentarios.ts
FN:13,validarComentario
FNF:1
FNH:1
FNDA:3,validarComentario
DA:1,1
DA:3,1
DA:5,1
DA:13,1
DA:14,3
LF:5
LH:5
BRF:0
BRH:0
end_of_record
TN:
SF:src\utils\validaciones\sprite.ts
FN:8,(anonymous_0)
FNF:1
FNH:0
FNDA:0,(anonymous_0)
DA:1,0
DA:3,0
DA:7,0
DA:9,0
LF:4
LH:0
BRF:0
BRH:0
end_of_record
TN:
SF:src\utils\validaciones\usuario.ts
FN:13,(anonymous_0)
FNF:1
FNH:1
FNDA:3,(anonymous_0)
DA:1,1
DA:4,1
DA:12,1
DA:14,3
LF:4
LH:4
BRF:0
BRH:0
end_of_record
